[debug] [2024-10-21T10:24:14.610Z] ----------------------------------------------------------------------
[debug] [2024-10-21T10:24:14.613Z] Command:       C:\Program Files\nodejs\node.exe C:\Users\Rafay\AppData\Roaming\npm\node_modules\firebase-tools\lib\bin\firebase.js init
[debug] [2024-10-21T10:24:14.613Z] CLI Version:   13.22.1
[debug] [2024-10-21T10:24:14.614Z] Platform:      win32
[debug] [2024-10-21T10:24:14.614Z] Node Version:  v20.15.1
[debug] [2024-10-21T10:24:14.614Z] Time:          Mon Oct 21 2024 15:24:14 GMT+0500 (Pakistan Standard Time)
[debug] [2024-10-21T10:24:14.614Z] ----------------------------------------------------------------------
[debug] 
[debug] [2024-10-21T10:24:14.619Z] >>> [apiv2][query] GET https://firebase-public.firebaseio.com/cli.json [none]
[debug] [2024-10-21T10:24:14.677Z] > command requires scopes: ["email","openid","https://www.googleapis.com/auth/cloudplatformprojects.readonly","https://www.googleapis.com/auth/firebase","https://www.googleapis.com/auth/cloud-platform"]
[debug] [2024-10-21T10:24:14.677Z] > authorizing via signed-in user (rafayshakeelbachani@gmail.com)
[info] 
     ######## #### ########  ######## ########     ###     ######  ########
     ##        ##  ##     ## ##       ##     ##  ##   ##  ##       ##
     ######    ##  ########  ######   ########  #########  ######  ######
     ##        ##  ##    ##  ##       ##     ## ##     ##       ## ##
     ##       #### ##     ## ######## ########  ##     ##  ######  ########

You're about to initialize a Firebase project in this directory:

  C:\Users\Rafay\Desktop\HacktoberFest-Hackathon\bugbusters-issue-10\eeventmanagement

[debug] [2024-10-21T10:24:15.584Z] <<< [apiv2][status] GET https://firebase-public.firebaseio.com/cli.json 200
[debug] [2024-10-21T10:24:15.585Z] <<< [apiv2][body] GET https://firebase-public.firebaseio.com/cli.json {"cloudBuildErrorAfter":1594252800000,"cloudBuildWarnAfter":1590019200000,"defaultNode10After":1594252800000,"minVersion":"3.0.5","node8DeploysDisabledAfter":1613390400000,"node8RuntimeDisabledAfter":1615809600000,"node8WarnAfter":1600128000000}
